This is pdfTeX, Version 3.14159265-2.6-1.40.21 (MiKTeX 20.12) (preloaded format=pdflatex 2021.1.18)  18 JAN 2021 11:34
entering extended mode
**"c:/Users/PC/OneDrive - VNU-HCMUS/Desktop/New folder/document/report/report.tex"
("c:/Users/PC/OneDrive - VNU-HCMUS/Desktop/New folder/document/report/report.tex"
LaTeX2e <2020-10-01> patch level 2
L3 programming layer <2020-12-07> xparse <2020-03-03> (C:\Users\PC\AppData\Roaming\MiKTeX\tex/latex/extsizes\extreport.cls
Document Class: extreport 1996/10/08 v1.0 Non Standard LaTeX document class
(C:\Users\PC\AppData\Roaming\MiKTeX\tex/latex/extsizes\size14.clo
File: size14.clo 1999/11/11 v1.4a NON-Standard LaTeX file (size option)
) ("C:\Program Files\MiKTeX\tex/latex/base\exscale.sty"
Package: exscale 2018/09/24 v2.1i Standard LaTeX package exscale
LaTeX Font Info:    Redeclaring symbol font `largesymbols' on input line 57.
LaTeX Font Info:    Overwriting symbol font `largesymbols' in version `normal'
(Font)                  OMX/cmex/m/n --> OMX/cmex/m/n on input line 57.
LaTeX Font Info:    Overwriting symbol font `largesymbols' in version `bold'
(Font)                  OMX/cmex/m/n --> OMX/cmex/m/n on input line 57.
\big@size=\dimen138
)
\c@part=\count177
\c@chapter=\count178
\c@section=\count179
\c@subsection=\count180
\c@subsubsection=\count181
\c@paragraph=\count182
\c@subparagraph=\count183
\c@figure=\count184
\c@table=\count185
\abovecaptionskip=\skip47
\belowcaptionskip=\skip48
\bibindent=\dimen139
) (C:\Users\PC\AppData\Roaming\MiKTeX\tex/latex/preprint\authblk.sty
Package: authblk 2001/02/27 1.3 (PWD)
\affilsep=\skip49
\@affilsep=\skip50
\c@Maxaffil=\count186
\c@authors=\count187
\c@affil=\count188
) (C:\Users\PC\AppData\Roaming\MiKTeX\tex/latex/vntex\vietnam.sty
Package: vietnam 2009/07/12 v1.3 support for Vietnamese
 ("C:\Program Files\MiKTeX\tex/latex/base\ifthen.sty"
Package: ifthen 2014/09/29 v1.1c Standard LaTeX ifthen package (DPC)
) ("C:\Program Files\MiKTeX\tex/latex/base\fontenc.sty"
Package: fontenc 2020/08/10 v2.0s Standard LaTeX package
 (C:\Users\PC\AppData\Roaming\MiKTeX\tex/latex/vntex\t5enc.def
File: t5enc.def 2006/11/21 v1.4 Vietnamese T5 encoding
Now handling font encoding T5 ...
... processing UTF-8 mapping file for font encoding T5
 (C:\Users\PC\AppData\Roaming\MiKTeX\tex/latex/vntex\t5enc.dfu
File: t5enc.dfu 2006/08/19 v1.1 UTF8 support for Vietnamese
   defining Unicode char U+00AB (decimal 171)
   defining Unicode char U+00BB (decimal 187)
   defining Unicode char U+00C0 (decimal 192)
   defining Unicode char U+00C1 (decimal 193)
   defining Unicode char U+00C2 (decimal 194)
   defining Unicode char U+00C3 (decimal 195)
   defining Unicode char U+00C8 (decimal 200)
   defining Unicode char U+00C9 (decimal 201)
   defining Unicode char U+00CA (decimal 202)
   defining Unicode char U+00CC (decimal 204)
   defining Unicode char U+00CD (decimal 205)
   defining Unicode char U+00D2 (decimal 210)
   defining Unicode char U+00D3 (decimal 211)
   defining Unicode char U+00D4 (decimal 212)
   defining Unicode char U+00D5 (decimal 213)
   defining Unicode char U+00D9 (decimal 217)
   defining Unicode char U+00DA (decimal 218)
   defining Unicode char U+00DD (decimal 221)
   defining Unicode char U+00E0 (decimal 224)
   defining Unicode char U+00E1 (decimal 225)
   defining Unicode char U+00E2 (decimal 226)
   defining Unicode char U+00E3 (decimal 227)
   defining Unicode char U+00E8 (decimal 232)
   defining Unicode char U+00E9 (decimal 233)
   defining Unicode char U+00EA (decimal 234)
   defining Unicode char U+00EC (decimal 236)
   defining Unicode char U+00ED (decimal 237)
   defining Unicode char U+00F2 (decimal 242)
   defining Unicode char U+00F3 (decimal 243)
   defining Unicode char U+00F4 (decimal 244)
   defining Unicode char U+00F5 (decimal 245)
   defining Unicode char U+00F9 (decimal 249)
   defining Unicode char U+00FA (decimal 250)
   defining Unicode char U+00FD (decimal 253)
   defining Unicode char U+0102 (decimal 258)
   defining Unicode char U+0103 (decimal 259)
   defining Unicode char U+0110 (decimal 272)
   defining Unicode char U+0111 (decimal 273)
   defining Unicode char U+0128 (decimal 296)
   defining Unicode char U+0129 (decimal 297)
   defining Unicode char U+0131 (decimal 305)
   defining Unicode char U+0168 (decimal 360)
   defining Unicode char U+0169 (decimal 361)
   defining Unicode char U+01A0 (decimal 416)
   defining Unicode char U+01A1 (decimal 417)
   defining Unicode char U+01AF (decimal 431)
   defining Unicode char U+01B0 (decimal 432)
   defining Unicode char U+1EA0 (decimal 7840)
   defining Unicode char U+1EA1 (decimal 7841)
   defining Unicode char U+1EA2 (decimal 7842)
   defining Unicode char U+1EA3 (decimal 7843)
   defining Unicode char U+1EA4 (decimal 7844)
   defining Unicode char U+1EA5 (decimal 7845)
   defining Unicode char U+1EA6 (decimal 7846)
   defining Unicode char U+1EA7 (decimal 7847)
   defining Unicode char U+1EA8 (decimal 7848)
   defining Unicode char U+1EA9 (decimal 7849)
   defining Unicode char U+1EAA (decimal 7850)
   defining Unicode char U+1EAB (decimal 7851)
   defining Unicode char U+1EAC (decimal 7852)
   defining Unicode char U+1EAD (decimal 7853)
   defining Unicode char U+1EAE (decimal 7854)
   defining Unicode char U+1EAF (decimal 7855)
   defining Unicode char U+1EB0 (decimal 7856)
   defining Unicode char U+1EB1 (decimal 7857)
   defining Unicode char U+1EB2 (decimal 7858)
   defining Unicode char U+1EB3 (decimal 7859)
   defining Unicode char U+1EB4 (decimal 7860)
   defining Unicode char U+1EB5 (decimal 7861)
   defining Unicode char U+1EB6 (decimal 7862)
   defining Unicode char U+1EB7 (decimal 7863)
   defining Unicode char U+1EB8 (decimal 7864)
   defining Unicode char U+1EB9 (decimal 7865)
   defining Unicode char U+1EBA (decimal 7866)
   defining Unicode char U+1EBB (decimal 7867)
   defining Unicode char U+1EBC (decimal 7868)
   defining Unicode char U+1EBD (decimal 7869)
   defining Unicode char U+1EBE (decimal 7870)
   defining Unicode char U+1EBF (decimal 7871)
   defining Unicode char U+1EC0 (decimal 7872)
   defining Unicode char U+1EC1 (decimal 7873)
   defining Unicode char U+1EC2 (decimal 7874)
   defining Unicode char U+1EC3 (decimal 7875)
   defining Unicode char U+1EC4 (decimal 7876)
   defining Unicode char U+1EC5 (decimal 7877)
   defining Unicode char U+1EC6 (decimal 7878)
   defining Unicode char U+1EC7 (decimal 7879)
   defining Unicode char U+1EC8 (decimal 7880)
   defining Unicode char U+1EC9 (decimal 7881)
   defining Unicode char U+1ECA (decimal 7882)
   defining Unicode char U+1ECB (decimal 7883)
   defining Unicode char U+1ECC (decimal 7884)
   defining Unicode char U+1ECD (decimal 7885)
   defining Unicode char U+1ECE (decimal 7886)
   defining Unicode char U+1ECF (decimal 7887)
   defining Unicode char U+1ED0 (decimal 7888)
   defining Unicode char U+1ED1 (decimal 7889)
   defining Unicode char U+1ED2 (decimal 7890)
   defining Unicode char U+1ED3 (decimal 7891)
   defining Unicode char U+1ED4 (decimal 7892)
   defining Unicode char U+1ED5 (decimal 7893)
   defining Unicode char U+1ED6 (decimal 7894)
   defining Unicode char U+1ED7 (decimal 7895)
   defining Unicode char U+1ED8 (decimal 7896)
   defining Unicode char U+1ED9 (decimal 7897)
   defining Unicode char U+1EDA (decimal 7898)
   defining Unicode char U+1EDB (decimal 7899)
   defining Unicode char U+1EDC (decimal 7900)
   defining Unicode char U+1EDD (decimal 7901)
   defining Unicode char U+1EDE (decimal 7902)
   defining Unicode char U+1EDF (decimal 7903)
   defining Unicode char U+1EE0 (decimal 7904)
   defining Unicode char U+1EE1 (decimal 7905)
   defining Unicode char U+1EE2 (decimal 7906)
   defining Unicode char U+1EE3 (decimal 7907)
   defining Unicode char U+1EE4 (decimal 7908)
   defining Unicode char U+1EE5 (decimal 7909)
   defining Unicode char U+1EE6 (decimal 7910)
   defining Unicode char U+1EE7 (decimal 7911)
   defining Unicode char U+1EE8 (decimal 7912)
   defining Unicode char U+1EE9 (decimal 7913)
   defining Unicode char U+1EEA (decimal 7914)
   defining Unicode char U+1EEB (decimal 7915)
   defining Unicode char U+1EEC (decimal 7916)
   defining Unicode char U+1EED (decimal 7917)
   defining Unicode char U+1EEE (decimal 7918)
   defining Unicode char U+1EEF (decimal 7919)
   defining Unicode char U+1EF0 (decimal 7920)
   defining Unicode char U+1EF1 (decimal 7921)
   defining Unicode char U+1EF2 (decimal 7922)
   defining Unicode char U+1EF3 (decimal 7923)
   defining Unicode char U+1EF4 (decimal 7924)
   defining Unicode char U+1EF5 (decimal 7925)
   defining Unicode char U+1EF6 (decimal 7926)
   defining Unicode char U+1EF7 (decimal 7927)
   defining Unicode char U+1EF8 (decimal 7928)
   defining Unicode char U+1EF9 (decimal 7929)
   defining Unicode char U+200C (decimal 8204)
   defining Unicode char U+2013 (decimal 8211)
   defining Unicode char U+2014 (decimal 8212)
   defining Unicode char U+2018 (decimal 8216)
   defining Unicode char U+2019 (decimal 8217)
   defining Unicode char U+201A (decimal 8218)
   defining Unicode char U+201C (decimal 8220)
   defining Unicode char U+201D (decimal 8221)
   defining Unicode char U+201E (decimal 8222)
   defining Unicode char U+2030 (decimal 8240)
   defining Unicode char U+2031 (decimal 8241)
   defining Unicode char U+2039 (decimal 8249)
   defining Unicode char U+203A (decimal 8250)
   defining Unicode char U+2423 (decimal 9251)
))
LaTeX Font Info:    Trying to load font information for T5+cmr on input line 112.
 (C:\Users\PC\AppData\Roaming\MiKTeX\tex/latex/vntex\t5cmr.fd
File: t5cmr.fd 1999/05/25 v2.5h Standard LaTeX font definitions
)) ("C:\Program Files\MiKTeX\tex/latex/base\inputenc.sty"
Package: inputenc 2020/08/01 v1.3d Input encoding file
\inpenc@prehook=\toks15
\inpenc@posthook=\toks16
) (C:\Users\PC\AppData\Roaming\MiKTeX\tex/latex/vntex\vncaps.tex
File: vncaps.tex 2006/06/07 v1.1 Captions in Vietnamese
)) ("C:\Program Files\MiKTeX\tex/latex/amsmath\amsmath.sty"
Package: amsmath 2020/09/23 v2.17i AMS math features
\@mathmargin=\skip51

For additional information on amsmath, use the `?' option.
("C:\Program Files\MiKTeX\tex/latex/amsmath\amstext.sty"
Package: amstext 2000/06/29 v2.01 AMS text
 ("C:\Program Files\MiKTeX\tex/latex/amsmath\amsgen.sty"
File: amsgen.sty 1999/11/30 v2.0 generic functions
\@emptytoks=\toks17
\ex@=\dimen140
)) ("C:\Program Files\MiKTeX\tex/latex/amsmath\amsbsy.sty"
Package: amsbsy 1999/11/29 v1.2d Bold Symbols
\pmbraise@=\dimen141
) ("C:\Program Files\MiKTeX\tex/latex/amsmath\amsopn.sty"
Package: amsopn 2016/03/08 v2.02 operator names
)
\inf@bad=\count189
LaTeX Info: Redefining \frac on input line 234.
\uproot@=\count190
\leftroot@=\count191
LaTeX Info: Redefining \overline on input line 399.
\classnum@=\count192
\DOTSCASE@=\count193
LaTeX Info: Redefining \ldots on input line 496.
LaTeX Info: Redefining \dots on input line 499.
LaTeX Info: Redefining \cdots on input line 620.
\Mathstrutbox@=\box47
\strutbox@=\box48
\big@size=\dimen142
LaTeX Font Info:    Redeclaring font encoding OML on input line 743.
LaTeX Font Info:    Redeclaring font encoding OMS on input line 744.
\macc@depth=\count194
\c@MaxMatrixCols=\count195
\dotsspace@=\muskip16
\c@parentequation=\count196
\dspbrk@lvl=\count197
\tag@help=\toks18
\row@=\count198
\column@=\count199
\maxfields@=\count266
\andhelp@=\toks19
\eqnshift@=\dimen143
\alignsep@=\dimen144
\tagshift@=\dimen145
\tagwidth@=\dimen146
\totwidth@=\dimen147
\lineht@=\dimen148
\@envbody=\toks20
\multlinegap=\skip52
\multlinetaggap=\skip53
\mathdisplay@stack=\toks21
LaTeX Info: Redefining \[ on input line 2923.
LaTeX Info: Redefining \] on input line 2924.
) ("C:\Program Files\MiKTeX\tex/latex/amsfonts\amsfonts.sty"
Package: amsfonts 2013/01/14 v3.01 Basic AMSFonts support
\symAMSa=\mathgroup4
\symAMSb=\mathgroup5
LaTeX Font Info:    Redeclaring math symbol \hbar on input line 98.
LaTeX Font Info:    Overwriting math alphabet `\mathfrak' in version `bold'
(Font)                  U/euf/m/n --> U/euf/b/n on input line 106.
) ("C:\Program Files\MiKTeX\tex/latex/amsfonts\amssymb.sty"
Package: amssymb 2013/01/14 v3.01 AMS font symbols
) ("C:\Program Files\MiKTeX\tex/latex/graphics\graphicx.sty"
Package: graphicx 2020/09/09 v1.2b Enhanced LaTeX Graphics (DPC,SPQR)
 ("C:\Program Files\MiKTeX\tex/latex/graphics\keyval.sty"
Package: keyval 2014/10/28 v1.15 key=value parser (DPC)
\KV@toks@=\toks22
) ("C:\Program Files\MiKTeX\tex/latex/graphics\graphics.sty"
Package: graphics 2020/08/30 v1.4c Standard LaTeX Graphics (DPC,SPQR)
 ("C:\Program Files\MiKTeX\tex/latex/graphics\trig.sty"
Package: trig 2016/01/03 v1.10 sin cos tan (DPC)
) ("C:\Program Files\MiKTeX\tex/latex/graphics-cfg\graphics.cfg"
File: graphics.cfg 2016/06/04 v1.11 sample graphics configuration
)
Package graphics Info: Driver file: pdftex.def on input line 105.
 ("C:\Program Files\MiKTeX\tex/latex/graphics-def\pdftex.def"
File: pdftex.def 2020/10/05 v1.2a Graphics/color driver for pdftex
))
\Gin@req@height=\dimen149
\Gin@req@width=\dimen150
) ("C:\Program Files\MiKTeX\tex/latex/tools\longtable.sty"
Package: longtable 2020/01/07 v4.13 Multi-page Table package (DPC)
\LTleft=\skip54
\LTright=\skip55
\LTpre=\skip56
\LTpost=\skip57
\LTchunksize=\count267
\LTcapwidth=\dimen151
\LT@head=\box49
\LT@firsthead=\box50
\LT@foot=\box51
\LT@lastfoot=\box52
\LT@cols=\count268
\LT@rows=\count269
\c@LT@tables=\count270
\c@LT@chunks=\count271
\LT@p@ftn=\toks23
) (C:\Users\PC\AppData\Roaming\MiKTeX\tex/latex/multirow\multirow.sty
Package: multirow 2021/01/02 v2.6 Span multiple rows of a table
\multirow@colwidth=\skip58
\multirow@cntb=\count272
\multirow@dima=\skip59
\bigstrutjot=\dimen152
) ("C:\Program Files\MiKTeX\tex/generic/babel\babel.sty"
Package: babel 2020/12/16 3.52 The Babel package
 ("C:\Program Files\MiKTeX\tex/generic/babel\babel.def"
File: babel.def 2020/12/16 3.52 Babel common definitions
\babel@savecnt=\count273
\U@D=\dimen153
\l@babelnohyphens=\language79
 ("C:\Program Files\MiKTeX\tex/generic/babel\txtbabel.def")
\bbl@readstream=\read2
)
\bbl@dirlevel=\count274

*************************************
* Local config file bblopts.cfg used
*
("C:\Program Files\MiKTeX\tex/latex/arabi\bblopts.cfg"
File: bblopts.cfg 2005/09/08 v0.1 add Arabic and Farsi to "declared" options of babel
) ("C:\Program Files\MiKTeX\tex/latex/babel-english\english.ldf"
Language: english 2017/06/06 v3.3r English support from the babel system
)) (C:\Users\PC\AppData\Roaming\MiKTeX\tex/latex/fancyhdr\fancyhdr.sty
Package: fancyhdr 2021/01/04 v4.0 Extensive control of page headers and footers
\f@nch@headwidth=\skip60
\f@nch@O@elh=\skip61
\f@nch@O@erh=\skip62
\f@nch@O@olh=\skip63
\f@nch@O@orh=\skip64
\f@nch@O@elf=\skip65
\f@nch@O@erf=\skip66
\f@nch@O@olf=\skip67
\f@nch@O@orf=\skip68
) (C:\Users\PC\AppData\Roaming\MiKTeX\tex/latex/float\float.sty
Package: float 2001/11/08 v1.3d Float enhancements (AL)
\c@float@type=\count275
\float@exts=\toks24
\float@box=\box53
\@float@everytoks=\toks25
\@floatcapt=\box54
) ("C:\Program Files\MiKTeX\tex/latex/xcolor\xcolor.sty"
Package: xcolor 2016/05/11 v2.12 LaTeX color extensions (UK)
 ("C:\Program Files\MiKTeX\tex/latex/graphics-cfg\color.cfg"
File: color.cfg 2016/01/02 v1.6 sample color configuration
)
Package xcolor Info: Driver file: pdftex.def on input line 225.
 (C:\Users\PC\AppData\Roaming\MiKTeX\tex/latex/colortbl\colortbl.sty
Package: colortbl 2020/01/04 v1.0e Color table columns (DPC)
 ("C:\Program Files\MiKTeX\tex/latex/tools\array.sty"
Package: array 2019/08/31 v2.4l Tabular extension package (FMi)
\col@sep=\dimen154
\ar@mcellbox=\box55
\extrarowheight=\dimen155
\NC@list=\toks26
\extratabsurround=\skip69
\backup@length=\skip70
\ar@cellbox=\box56
)
\everycr=\toks27
\minrowclearance=\skip71
)
\rownum=\count276
Package xcolor Info: Model `cmy' substituted by `cmy0' on input line 1348.
Package xcolor Info: Model `hsb' substituted by `rgb' on input line 1352.
Package xcolor Info: Model `RGB' extended on input line 1364.
Package xcolor Info: Model `HTML' substituted by `rgb' on input line 1366.
Package xcolor Info: Model `Hsb' substituted by `hsb' on input line 1367.
Package xcolor Info: Model `tHsb' substituted by `hsb' on input line 1368.
Package xcolor Info: Model `HSB' substituted by `hsb' on input line 1369.
Package xcolor Info: Model `Gray' substituted by `gray' on input line 1370.
Package xcolor Info: Model `wave' substituted by `hsb' on input line 1371.
) ("C:\Program Files\MiKTeX\tex/latex/l3backend\l3backend-pdftex.def"
File: l3backend-pdftex.def 2021-01-09 L3 backend support: PDF output (pdfTeX)
\l__kernel_color_stack_int=\count277
\l__pdf_internal_box=\box57
) ("c:/Users\PC\OneDrive - VNU-HCMUS\Desktop\New folder\document\report\report.aux"

LaTeX Warning: Label `refhinh1' multiply defined.


LaTeX Warning: Label `refhinh1' multiply defined.


LaTeX Warning: Label `refhinh1' multiply defined.


LaTeX Warning: Label `refhinh1' multiply defined.


LaTeX Warning: Label `refhinh1' multiply defined.


LaTeX Warning: Label `refhinh1' multiply defined.


LaTeX Warning: Label `refhinh1' multiply defined.


LaTeX Warning: Label `refhinh1' multiply defined.


LaTeX Warning: Label `refhinh1' multiply defined.


LaTeX Warning: Label `refhinh1' multiply defined.


LaTeX Warning: Label `refhinh1' multiply defined.


LaTeX Warning: Label `refhinh1' multiply defined.


LaTeX Warning: Label `refhinh1' multiply defined.


LaTeX Warning: Label `refhinh1' multiply defined.


LaTeX Warning: Label `refhinh1' multiply defined.


LaTeX Warning: Label `refhinh1' multiply defined.


LaTeX Warning: Label `refhinh1' multiply defined.


LaTeX Warning: Label `refhinh1' multiply defined.


LaTeX Warning: Label `refhinh1' multiply defined.


LaTeX Warning: Label `refhinh1' multiply defined.


LaTeX Warning: Label `refhinh1' multiply defined.


LaTeX Warning: Label `refhinh1' multiply defined.

)
\openout1 = `report.aux'.

LaTeX Font Info:    Checking defaults for OML/cmm/m/it on input line 31.
LaTeX Font Info:    ... okay on input line 31.
LaTeX Font Info:    Checking defaults for OMS/cmsy/m/n on input line 31.
LaTeX Font Info:    ... okay on input line 31.
LaTeX Font Info:    Checking defaults for OT1/cmr/m/n on input line 31.
LaTeX Font Info:    ... okay on input line 31.
LaTeX Font Info:    Checking defaults for T1/cmr/m/n on input line 31.
LaTeX Font Info:    ... okay on input line 31.
LaTeX Font Info:    Checking defaults for TS1/cmr/m/n on input line 31.
LaTeX Font Info:    ... okay on input line 31.
LaTeX Font Info:    Checking defaults for OMX/cmex/m/n on input line 31.
LaTeX Font Info:    ... okay on input line 31.
LaTeX Font Info:    Checking defaults for U/cmr/m/n on input line 31.
LaTeX Font Info:    ... okay on input line 31.
LaTeX Font Info:    Checking defaults for T5/cmr/m/n on input line 31.
LaTeX Font Info:    ... okay on input line 31.
 ("C:\Program Files\MiKTeX\tex/context/base/mkii\supp-pdf.mkii"
[Loading MPS to PDF converter (version 2006.09.02).]
\scratchcounter=\count278
\scratchdimen=\dimen156
\scratchbox=\box58
\nofMPsegments=\count279
\nofMParguments=\count280
\everyMPshowfont=\toks28
\MPscratchCnt=\count281
\MPscratchDim=\dimen157
\MPnumerator=\count282
\makeMPintoPDFobject=\count283
\everyMPtoPDFconversion=\toks29
) ("C:\Program Files\MiKTeX\tex/latex/epstopdf-pkg\epstopdf-base.sty"
Package: epstopdf-base 2020-01-24 v2.11 Base part for package epstopdf
Package epstopdf-base Info: Redefining graphics rule for `.eps' on input line 485.
) [1

{C:/Users/PC/AppData/Local/MiKTeX/pdftex/config/pdftex.map}]
Chapter 1.
[1

]
LaTeX Font Info:    Trying to load font information for U+msa on input line 45.
 ("C:\Program Files\MiKTeX\tex/latex/amsfonts\umsa.fd"
File: umsa.fd 2013/01/14 v3.01 AMS symbols A
)
LaTeX Font Info:    Trying to load font information for U+msb on input line 45.
 ("C:\Program Files\MiKTeX\tex/latex/amsfonts\umsb.fd"
File: umsb.fd 2013/01/14 v3.01 AMS symbols B
)

Package fancyhdr Warning: \headheight is too small (14.0pt): 
(fancyhdr)                Make it at least 21.44606pt, for example:
(fancyhdr)                \setlength{\headheight}{21.44606pt}.
(fancyhdr)                You might also make \topmargin smaller to compensate:
(fancyhdr)                \addtolength{\topmargin}{-7.44606pt}.

[2]
Chapter 2.
[3

]
<zip_table.PNG, id=19, 826.58812pt x 200.24812pt>
File: zip_table.PNG Graphic file (type png)
<use zip_table.PNG>
Package pdftex.def Info: zip_table.PNG  used on input line 68.
(pdftex.def)             Requested size: 537.27591pt x 130.15973pt.

Overfull \hbox (107.27591pt too wide) in paragraph at lines 68--69
 [] 
 []


Package fancyhdr Warning: \headheight is too small (14.0pt): 
(fancyhdr)                Make it at least 21.44606pt, for example:
(fancyhdr)                \setlength{\headheight}{21.44606pt}.
(fancyhdr)                You might also make \topmargin smaller to compensate:
(fancyhdr)                \addtolength{\topmargin}{-7.44606pt}.

[4 <c:/Users/PC/OneDrive - VNU-HCMUS/Desktop/New folder/document/report/zip_table.PNG>]
<sequence_table.PNG, id=25, 295.1025pt x 224.33812pt>
File: sequence_table.PNG Graphic file (type png)
<use sequence_table.PNG>
Package pdftex.def Info: sequence_table.PNG  used on input line 100.
(pdftex.def)             Requested size: 191.81433pt x 145.81804pt.


Package fancyhdr Warning: \headheight is too small (14.0pt): 
(fancyhdr)                Make it at least 21.44606pt, for example:
(fancyhdr)                \setlength{\headheight}{21.44606pt}.
(fancyhdr)                You might also make \topmargin smaller to compensate:
(fancyhdr)                \addtolength{\topmargin}{-7.44606pt}.

[5 <c:/Users/PC/OneDrive - VNU-HCMUS/Desktop/New folder/document/report/sequence_table.PNG>]
<Huffman_number.PNG, id=30, 221.32687pt x 74.52844pt>
File: Huffman_number.PNG Graphic file (type png)
<use Huffman_number.PNG>
Package pdftex.def Info: Huffman_number.PNG  used on input line 111.
(pdftex.def)             Requested size: 442.65262pt x 149.05649pt.

Overfull \hbox (12.65262pt too wide) in paragraph at lines 111--112
 [] 
 []

<input_array.PNG, id=31, 444.91219pt x 307.90031pt>
File: input_array.PNG Graphic file (type png)
<use input_array.PNG>
Package pdftex.def Info: input_array.PNG  used on input line 121.
(pdftex.def)             Requested size: 444.91109pt x 307.89955pt.

Overfull \hbox (14.91109pt too wide) in paragraph at lines 121--122
 [] 
 []


Package fancyhdr Warning: \headheight is too small (14.0pt): 
(fancyhdr)                Make it at least 21.44606pt, for example:
(fancyhdr)                \setlength{\headheight}{21.44606pt}.
(fancyhdr)                You might also make \topmargin smaller to compensate:
(fancyhdr)                \addtolength{\topmargin}{-7.44606pt}.

[6 <c:/Users/PC/OneDrive - VNU-HCMUS/Desktop/New folder/document/report/Huffman_number.PNG>]
<priority_queue.PNG, id=37, 490.08093pt x 325.96782pt>
File: priority_queue.PNG Graphic file (type png)
<use priority_queue.PNG>
Package pdftex.def Info: priority_queue.PNG  used on input line 133.
(pdftex.def)             Requested size: 490.07974pt x 325.96701pt.

Overfull \hbox (60.07974pt too wide) in paragraph at lines 133--134
 [] 
 []


Package fancyhdr Warning: \headheight is too small (14.0pt): 
(fancyhdr)                Make it at least 21.44606pt, for example:
(fancyhdr)                \setlength{\headheight}{21.44606pt}.
(fancyhdr)                You might also make \topmargin smaller to compensate:
(fancyhdr)                \addtolength{\topmargin}{-7.44606pt}.

[7 <c:/Users/PC/OneDrive - VNU-HCMUS/Desktop/New folder/document/report/input_array.PNG>]
<createNode.PNG, id=42, 771.63281pt x 158.84344pt>
File: createNode.PNG Graphic file (type png)
<use createNode.PNG>
Package pdftex.def Info: createNode.PNG  used on input line 147.
(pdftex.def)             Requested size: 501.55537pt x 103.24701pt.

Overfull \hbox (71.55537pt too wide) in paragraph at lines 147--148
 [] 
 []


Package fancyhdr Warning: \headheight is too small (14.0pt): 
(fancyhdr)                Make it at least 21.44606pt, for example:
(fancyhdr)                \setlength{\headheight}{21.44606pt}.
(fancyhdr)                You might also make \topmargin smaller to compensate:
(fancyhdr)                \addtolength{\topmargin}{-7.44606pt}.

[8 <c:/Users/PC/OneDrive - VNU-HCMUS/Desktop/New folder/document/report/priority_queue.PNG>]
<createNode_1.PNG, id=47, 548.80031pt x 264.99pt>
File: createNode_1.PNG Graphic file (type png)
<use createNode_1.PNG>
Package pdftex.def Info: createNode_1.PNG  used on input line 159.
(pdftex.def)             Requested size: 439.04083pt x 211.99228pt.

Overfull \hbox (9.04083pt too wide) in paragraph at lines 159--160
 [] 
 []

<createNode_2.PNG, id=48, 559.33969pt x 244.66406pt>
File: createNode_2.PNG Graphic file (type png)
<use createNode_2.PNG>
Package pdftex.def Info: createNode_2.PNG  used on input line 171.
(pdftex.def)             Requested size: 391.53511pt x 171.26366pt.

Package fancyhdr Warning: \headheight is too small (14.0pt): 
(fancyhdr)                Make it at least 21.44606pt, for example:
(fancyhdr)                \setlength{\headheight}{21.44606pt}.
(fancyhdr)                You might also make \topmargin smaller to compensate:
(fancyhdr)                \addtolength{\topmargin}{-7.44606pt}.

[9 <c:/Users/PC/OneDrive - VNU-HCMUS/Desktop/New folder/document/report/createNode.PNG> <c:/Users/PC/OneDrive - VNU-HCMUS/Desktop/New folder/document/report/createNode_1.PNG>]
<createNode_3.PNG, id=54, 730.22812pt x 390.70969pt>
File: createNode_3.PNG Graphic file (type png)
<use createNode_3.PNG>
Package pdftex.def Info: createNode_3.PNG  used on input line 181.
(pdftex.def)             Requested size: 474.64265pt x 253.95828pt.

Overfull \hbox (44.64265pt too wide) in paragraph at lines 181--182
 [] 
 []

<createNode_source.PNG, id=55, 412.54124pt x 413.29407pt>
File: createNode_source.PNG Graphic file (type png)
<use createNode_source.PNG>
Package pdftex.def Info: createNode_source.PNG  used on input line 191.
(pdftex.def)             Requested size: 556.93182pt x 557.94812pt.

Overfull \hbox (126.93182pt too wide) in paragraph at lines 191--192
 [] 
 []


Package fancyhdr Warning: \headheight is too small (14.0pt): 
(fancyhdr)                Make it at least 21.44606pt, for example:
(fancyhdr)                \setlength{\headheight}{21.44606pt}.
(fancyhdr)                You might also make \topmargin smaller to compensate:
(fancyhdr)                \addtolength{\topmargin}{-7.44606pt}.

[10 <c:/Users/PC/OneDrive - VNU-HCMUS/Desktop/New folder/document/report/createNode_2.PNG> <c:/Users/PC/OneDrive - VNU-HCMUS/Desktop/New folder/document/report/createNode_3.PNG>]
Overfull \vbox (47.74742pt too high) has occurred while \output is active []



Package fancyhdr Warning: \headheight is too small (14.0pt): 
(fancyhdr)                Make it at least 21.44606pt, for example:
(fancyhdr)                \setlength{\headheight}{21.44606pt}.
(fancyhdr)                You might also make \topmargin smaller to compensate:
(fancyhdr)                \addtolength{\topmargin}{-7.44606pt}.

[11 <c:/Users/PC/OneDrive - VNU-HCMUS/Desktop/New folder/document/report/createNode_source.PNG>]
<get_code_1.PNG, id=65, 544.28343pt x 347.79938pt>
File: get_code_1.PNG Graphic file (type png)
<use get_code_1.PNG>
Package pdftex.def Info: get_code_1.PNG  used on input line 205.
(pdftex.def)             Requested size: 435.42734pt x 278.23987pt.

Overfull \hbox (5.42734pt too wide) in paragraph at lines 205--206
 [] 
 []

<get_code_2.PNG, id=66, 255.95625pt x 149.8097pt>
File: get_code_2.PNG Graphic file (type png)
<use get_code_2.PNG>
Package pdftex.def Info: get_code_2.PNG  used on input line 215.
(pdftex.def)             Requested size: 255.95561pt x 149.80931pt.

Package fancyhdr Warning: \headheight is too small (14.0pt): 
(fancyhdr)                Make it at least 21.44606pt, for example:
(fancyhdr)                \setlength{\headheight}{21.44606pt}.
(fancyhdr)                You might also make \topmargin smaller to compensate:
(fancyhdr)                \addtolength{\topmargin}{-7.44606pt}.

[12 <c:/Users/PC/OneDrive - VNU-HCMUS/Desktop/New folder/document/report/get_code_1.PNG>]
<get_code_source.PNG, id=72, 421.575pt x 305.64188pt>
File: get_code_source.PNG Graphic file (type png)
<use get_code_source.PNG>
Package pdftex.def Info: get_code_source.PNG  used on input line 225.
(pdftex.def)             Requested size: 421.57396pt x 305.64111pt.


Package fancyhdr Warning: \headheight is too small (14.0pt): 
(fancyhdr)                Make it at least 21.44606pt, for example:
(fancyhdr)                \setlength{\headheight}{21.44606pt}.
(fancyhdr)                You might also make \topmargin smaller to compensate:
(fancyhdr)                \addtolength{\topmargin}{-7.44606pt}.

[13 <c:/Users/PC/OneDrive - VNU-HCMUS/Desktop/New folder/document/report/get_code_2.PNG> <c:/Users/PC/OneDrive - VNU-HCMUS/Desktop/New folder/document/report/get_code_source.PNG>]
<bit on off.PNG, id=78, 369.63094pt x 266.49562pt>
File: bit on off.PNG Graphic file (type png)
<use bit on off.PNG>
Package pdftex.def Info: bit on off.PNG  used on input line 241.
(pdftex.def)             Requested size: 369.63002pt x 266.49496pt.
<write_huffman_tree.PNG, id=79, 550.30594pt x 155.83218pt>
File: write_huffman_tree.PNG Graphic file (type png)
<use write_huffman_tree.PNG>
Package pdftex.def Info: write_huffman_tree.PNG  used on input line 251.
(pdftex.def)             Requested size: 550.3046pt x 155.8318pt.

Overfull \hbox (120.3046pt too wide) in paragraph at lines 251--252
 [] 
 []


Package fancyhdr Warning: \headheight is too small (14.0pt): 
(fancyhdr)                Make it at least 21.44606pt, for example:
(fancyhdr)                \setlength{\headheight}{21.44606pt}.
(fancyhdr)                You might also make \topmargin smaller to compensate:
(fancyhdr)                \addtolength{\topmargin}{-7.44606pt}.

[14 <c:/Users/PC/OneDrive - VNU-HCMUS/Desktop/New folder/document/report/bit on off.PNG>]
<write_code.PNG, id=84, 582.67688pt x 413.29407pt>
File: write_code.PNG Graphic file (type png)
<use write_code.PNG>
Package pdftex.def Info: write_code.PNG  used on input line 261.
(pdftex.def)             Requested size: 582.67546pt x 413.29305pt.

Overfull \hbox (152.67546pt too wide) in paragraph at lines 261--262
 [] 
 []


Package fancyhdr Warning: \headheight is too small (14.0pt): 
(fancyhdr)                Make it at least 21.44606pt, for example:
(fancyhdr)                \setlength{\headheight}{21.44606pt}.
(fancyhdr)                You might also make \topmargin smaller to compensate:
(fancyhdr)                \addtolength{\topmargin}{-7.44606pt}.

[15 <c:/Users/PC/OneDrive - VNU-HCMUS/Desktop/New folder/document/report/write_huffman_tree.PNG>]

Package fancyhdr Warning: \headheight is too small (14.0pt): 
(fancyhdr)                Make it at least 21.44606pt, for example:
(fancyhdr)                \setlength{\headheight}{21.44606pt}.
(fancyhdr)                You might also make \topmargin smaller to compensate:
(fancyhdr)                \addtolength{\topmargin}{-7.44606pt}.

[16 <c:/Users/PC/OneDrive - VNU-HCMUS/Desktop/New folder/document/report/write_code.PNG>]
<decode_1.PNG, id=93, 442.65375pt x 334.24875pt>
File: decode_1.PNG Graphic file (type png)
<use decode_1.PNG>
Package pdftex.def Info: decode_1.PNG  used on input line 276.
(pdftex.def)             Requested size: 442.65265pt x 334.24792pt.

Overfull \hbox (12.65265pt too wide) in paragraph at lines 276--277
 [] 
 []

<decode_2.PNG, id=94, 590.95781pt x 438.13687pt>
File: decode_2.PNG Graphic file (type png)
<use decode_2.PNG>
Package pdftex.def Info: decode_2.PNG  used on input line 286.
(pdftex.def)             Requested size: 472.76688pt x 350.50996pt.

Overfull \hbox (42.76688pt too wide) in paragraph at lines 286--287
 [] 
 []


Package fancyhdr Warning: \headheight is too small (14.0pt): 
(fancyhdr)                Make it at least 21.44606pt, for example:
(fancyhdr)                \setlength{\headheight}{21.44606pt}.
(fancyhdr)                You might also make \topmargin smaller to compensate:
(fancyhdr)                \addtolength{\topmargin}{-7.44606pt}.

[17 <c:/Users/PC/OneDrive - VNU-HCMUS/Desktop/New folder/document/report/decode_1.PNG>]

Package fancyhdr Warning: \headheight is too small (14.0pt): 
(fancyhdr)                Make it at least 21.44606pt, for example:
(fancyhdr)                \setlength{\headheight}{21.44606pt}.
(fancyhdr)                You might also make \topmargin smaller to compensate:
(fancyhdr)                \addtolength{\topmargin}{-7.44606pt}.

[18 <c:/Users/PC/OneDrive - VNU-HCMUS/Desktop/New folder/document/report/decode_2.PNG>]
<utf8_ascii.PNG, id=104, 560.8453pt x 135.50626pt>
File: utf8_ascii.PNG Graphic file (type png)
<use utf8_ascii.PNG>
Package pdftex.def Info: utf8_ascii.PNG  used on input line 300.
(pdftex.def)             Requested size: 504.7561pt x 121.95448pt.

Overfull \hbox (74.7561pt too wide) in paragraph at lines 300--301
 [] 
 []


Package fancyhdr Warning: \headheight is too small (14.0pt): 
(fancyhdr)                Make it at least 21.44606pt, for example:
(fancyhdr)                \setlength{\headheight}{21.44606pt}.
(fancyhdr)                You might also make \topmargin smaller to compensate:
(fancyhdr)                \addtolength{\topmargin}{-7.44606pt}.

[19 <c:/Users/PC/OneDrive - VNU-HCMUS/Desktop/New folder/document/report/utf8_ascii.PNG>]
Chapter 3.
[20

]
<tisonen_TiengY.PNG, id=113, 548.0475pt x 382.42876pt>
File: tisonen_TiengY.PNG Graphic file (type png)
<use tisonen_TiengY.PNG>
Package pdftex.def Info: tisonen_TiengY.PNG  used on input line 348.
(pdftex.def)             Requested size: 548.04616pt x 382.42781pt.

Overfull \hbox (118.04616pt too wide) in paragraph at lines 348--349
 [] 
 []


Package fancyhdr Warning: \headheight is too small (14.0pt): 
(fancyhdr)                Make it at least 21.44606pt, for example:
(fancyhdr)                \setlength{\headheight}{21.44606pt}.
(fancyhdr)                You might also make \topmargin smaller to compensate:
(fancyhdr)                \addtolength{\topmargin}{-7.44606pt}.

[21]
<tisonen_TiengViet.PNG, id=119, 551.81157pt x 383.93437pt>
File: tisonen_TiengViet.PNG Graphic file (type png)
<use tisonen_TiengViet.PNG>
Package pdftex.def Info: tisonen_TiengViet.PNG  used on input line 359.
(pdftex.def)             Requested size: 551.81023pt x 383.93343pt.

Overfull \hbox (121.81023pt too wide) in paragraph at lines 359--360
 [] 
 []


Package fancyhdr Warning: \headheight is too small (14.0pt): 
(fancyhdr)                Make it at least 21.44606pt, for example:
(fancyhdr)                \setlength{\headheight}{21.44606pt}.
(fancyhdr)                You might also make \topmargin smaller to compensate:
(fancyhdr)                \addtolength{\topmargin}{-7.44606pt}.

[22 <c:/Users/PC/OneDrive - VNU-HCMUS/Desktop/New folder/document/report/tisonen_TiengY.PNG>]
<tisonen_TiengTrung.PNG, id=124, 551.81157pt x 383.93437pt>
File: tisonen_TiengTrung.PNG Graphic file (type png)
<use tisonen_TiengTrung.PNG>
Package pdftex.def Info: tisonen_TiengTrung.PNG  used on input line 369.
(pdftex.def)             Requested size: 551.81023pt x 383.93343pt.

Overfull \hbox (121.81023pt too wide) in paragraph at lines 369--370
 [] 
 []


Package fancyhdr Warning: \headheight is too small (14.0pt): 
(fancyhdr)                Make it at least 21.44606pt, for example:
(fancyhdr)                \setlength{\headheight}{21.44606pt}.
(fancyhdr)                You might also make \topmargin smaller to compensate:
(fancyhdr)                \addtolength{\topmargin}{-7.44606pt}.

[23 <c:/Users/PC/OneDrive - VNU-HCMUS/Desktop/New folder/document/report/tisonen_TiengViet.PNG>]

Package fancyhdr Warning: \headheight is too small (14.0pt): 
(fancyhdr)                Make it at least 21.44606pt, for example:
(fancyhdr)                \setlength{\headheight}{21.44606pt}.
(fancyhdr)                You might also make \topmargin smaller to compensate:
(fancyhdr)                \addtolength{\topmargin}{-7.44606pt}.

[24 <c:/Users/PC/OneDrive - VNU-HCMUS/Desktop/New folder/document/report/tisonen_TiengTrung.PNG>]

Package fancyhdr Warning: \headheight is too small (14.0pt): 
(fancyhdr)                Make it at least 21.44606pt, for example:
(fancyhdr)                \setlength{\headheight}{21.44606pt}.
(fancyhdr)                You might also make \topmargin smaller to compensate:
(fancyhdr)                \addtolength{\topmargin}{-7.44606pt}.

[25]
<lossy_lossless.jpg, id=138, 1003.75pt x 288.07625pt>
File: lossy_lossless.jpg Graphic file (type jpg)
<use lossy_lossless.jpg>
Package pdftex.def Info: lossy_lossless.jpg  used on input line 412.
(pdftex.def)             Requested size: 401.49289pt x 115.22844pt.


Package fancyhdr Warning: \headheight is too small (14.0pt): 
(fancyhdr)                Make it at least 21.44606pt, for example:
(fancyhdr)                \setlength{\headheight}{21.44606pt}.
(fancyhdr)                You might also make \topmargin smaller to compensate:
(fancyhdr)                \addtolength{\topmargin}{-7.44606pt}.

[26 <c:/Users/PC/OneDrive - VNU-HCMUS/Desktop/New folder/document/report/lossy_lossless.jpg>]
Overfull \hbox (2.16049pt too wide) in paragraph at lines 421--422
[]\T5/cmr/m/n/14.4 https://vi.wikipedia.org/wiki/M%C3%A3_h%C3%B3a_Huffman. 
 []

[27

] ("c:/Users\PC\OneDrive - VNU-HCMUS\Desktop\New folder\document\report\report.aux")

LaTeX Warning: There were multiply-defined labels.

 ) 
Here is how much of TeX's memory you used:
 4972 strings out of 479697
 66321 string characters out of 2877018
 355676 words of memory out of 3000000
 21970 multiletter control sequences out of 15000+200000
 417943 words of font info for 51 fonts, out of 3000000 for 9000
 1141 hyphenation exceptions out of 8191
 66i,11n,72p,746b,366s stack positions out of 5000i,500n,10000p,200000b,50000s
 <C:\Users\PC\AppData\Local\MiKTeX\fonts/pk/ljfour/jknappen/ec/dpi600\tcrm1440.pk><C:/Program Files/MiKTeX/fonts/type1/public/amsfonts/cm/cmmi10.pfb><C:/Program Files/MiKTeX/fonts/type1/public/amsfonts/cm/cmmi12.pfb><C:/Program Files/MiKTeX/fonts/type1/public/amsfonts/cm/cmr10.pfb><C:/Program Files/MiKTeX/fonts/type1/public/amsfonts/cm/cmr12.pfb><C:/Program Files/MiKTeX/fonts/type1/public/amsfonts/cm/cmsy10.pfb><C:/Users/PC/AppData/Roaming/MiKTeX/fonts/type1/vntex/vnr/vnbx12.pfb><C:/Users/PC/AppData/Roaming/MiKTeX/fonts/type1/vntex/vnr/vnr12.pfb><C:/Users/PC/AppData/Roaming/MiKTeX/fonts/type1/vntex/vnr/vnr17.pfb><C:/Users/PC/AppData/Roaming/MiKTeX/fonts/type1/vntex/vnr/vnti12.pfb>
Output written on "c:/Users\PC\OneDrive - VNU-HCMUS\Desktop\New folder\document\report\report.pdf" (28 pages, 738946 bytes).
PDF statistics:
 179 PDF objects out of 1000 (max. 8388607)
 0 named destinations out of 1000 (max. 500000)
 116 words of extra memory for PDF output out of 10000 (max. 10000000)

